epic ra dec kepmag period epoch
211413752 133.709545 11.848265 13.539
211432167 132.863806 12.127919 8.55
211490999 130.798847 13.009592999999999 13.416
211529065 131.266597 13.549833 13.431
211537406 135.60569099999998 13.665385999999998 14.565
211606790 137.14443899999998 14.630882000000001 12.673
211886472 137.132531 18.528543 11.126
211915147 129.78875 18.951869 9.023
211919004 129.777047 19.010023 13.131
211945201 136.573975 19.402252 10.115
212099230 128.073571 22.006010999999997 10.513
212110007 133.310979 22.218977 14.245
212164470 129.81363100000002 23.357481 12.704
211733267 130.009413 16.372405999999998 12.15
211408138 132.824965 11.765055 12.74
212011230 136.241018 20.440816 12.375
211490999 130.798847 13.009592999999999 13.416
211919004 129.777047 19.010023 13.131
212006344 126.47631100000001 20.359569 12.466
212099230 128.073571 22.006010999999997 10.513
212164470 129.81363100000002 23.357481 12.704

211816003 132.62112 17.542445 13.654 14.458 2457173.76400000
212069861 134.444189 21.453533 14.102 30.956763000 2457147.49200000
211924657 130.026777 19.092879 15.031 2.644836000 2457144.64100000
212154564 133.64118200000001 23.13289 15.105 6.413539000 2457142.18300000
212110888 127.57876999999999 22.235908 11.441 2.995607000 2457141.35132000
